[2023-09-28 09:08:01] Authentication failed
[2023-09-28 09:08:08] Authentication failed
[2023-09-28 09:10:37] message : Authentication failed
[2023-09-28 09:45:26] message : dugong in used, please try again
[2023-09-28 09:45:37] message : dugong58 in used, please try again
[2023-09-28 09:54:46] message : Create dugong Success
[2023-09-28 09:55:43] message : Authentication failed
[2023-09-28 09:55:44] message : Authentication failed
[2023-09-28 09:56:39] message : Authentication failed
[2023-09-28 09:57:22] message : Authentication successful
[2023-09-28 10:29:17] message : User not found
[2023-09-28 10:29:18] message : User not found
[2023-09-28 10:31:49] message : User not found
[2023-09-28 10:31:52] message : User not found
[2023-09-28 10:32:31] message : Create Seal_9933 Success
[2023-09-28 10:32:50] message : Authentication successful
[2023-09-28 10:39:06] message : Authentication successful
[2023-09-28 10:42:28] message : Create Seal_9931 Success
[2023-09-28 10:49:32] message : Empty field
[2023-09-28 10:49:43] message : Empty field
[2023-09-28 10:51:13] message : Require minimum 8 character, please try again
[2023-09-28 10:55:51] message : Require minimum 8 character, please try again
[2023-09-28 10:55:52] message : Require minimum 8 character, please try again
[2023-09-28 10:59:09] message : Seal_9931 in used, please try again
[2023-09-28 10:59:12] message : Seal_9931 in used, please try again
[2023-09-28 10:59:15] message : Seal_9931 in used, please try again
[2023-09-28 10:59:16] message : Seal_9931 in used, please try again
[2023-09-28 10:59:25] message : Seal_9930 in used, please try again
[2023-09-28 10:59:26] message : Seal_9930 in used, please try again
[2023-09-28 11:00:27] message : Create Seal_9930 Success
[2023-09-28 11:01:05] message : Seal_9930 in used, please try again
[2023-09-28 11:01:06] message : Seal_9930 in used, please try again
[2023-09-28 11:01:07] message : Seal_9930 in used, please try again
[2023-09-28 11:01:26] message : User not found
[2023-09-28 11:01:32] message : Empty field
[2023-09-28 11:02:00] message : User not found
[2023-09-28 11:02:04] message : User not found
[2023-09-28 11:03:16] message : username or password was wrong
[2023-09-28 11:03:31] message : username or password was wrong
[2023-09-28 11:04:22] message : Create seal_swrc Success
[2023-09-28 11:04:44] message : username or password was wrong
[2023-09-28 11:04:46] message : username or password was wrong
[2023-09-28 11:04:53] message : username or password was wrong
[2023-09-28 11:04:56] message : seal_swrc in used, please try again
[2023-09-28 11:05:08] message : Authentication successful
